<html>
<head>
<title>TestNG:  Test</title>
<link href="../testng.css" rel="stylesheet" type="text/css" />
<link href="../my-testng.css" rel="stylesheet" type="text/css" />

<style type="text/css">
.log { display: none;} 
.stack-trace { display: none;} 
</style>
<script type="text/javascript">
<!--
function flip(e) {
  current = e.style.display;
  if (current == 'block') {
    e.style.display = 'none';
    return 0;
  }
  else {
    e.style.display = 'block';
    return 1;
  }
}

function toggleBox(szDivId, elem, msg1, msg2)
{
  var res = -1;  if (document.getElementById) {
    res = flip(document.getElementById(szDivId));
  }
  else if (document.all) {
    // this is the way old msie versions work
    res = flip(document.all[szDivId]);
  }
  if(elem) {
    if(res == 0) elem.innerHTML = msg1; else elem.innerHTML = msg2;
  }

}

function toggleAllBoxes() {
  if (document.getElementsByTagName) {
    d = document.getElementsByTagName('div');
    for (i = 0; i < d.length; i++) {
      if (d[i].className == 'log') {
        flip(d[i]);
      }
    }
  }
}

// -->
</script>

</head>
<body>
<h2 align='center'>Test</h2><table border='1' align="center">
<tr>
<td>Tests passed/Failed/Skipped:</td><td>4/1/0</td>
</tr><tr>
<td>Started on:</td><td>Thu Dec 23 15:43:23 IST 2021</td>
</tr>
<tr><td>Total time:</td><td>176 seconds (176622 ms)</td>
</tr><tr>
<td>Included groups:</td><td></td>
</tr><tr>
<td>Excluded groups:</td><td></td>
</tr>
</table><p/>
<small><i>(Hover the method name to see the test class name)</i></small><p/>
<table width='100%' border='1' class='invocation-failed'>
<tr><td colspan='4' align='center'><b>FAILED TESTS</b></td></tr>
<tr><td><b>Test method</b></td>
<td width="30%"><b>Exception</b></td>
<td width="10%"><b>Time (seconds)</b></td>
<td><b>Instance</b></td>
</tr>
<tr>
<td title='avpapplication123.TC_HOME_007.demo()'><b>demo</b><br>Test class: avpapplication123.TC_HOME_007</td>
<td><div><pre>org.openqa.selenium.InvalidElementStateException: Swipe action cannot be performed (WARNING: The server did not provide any stacktrace information)
Command duration or timeout: 5.08 seconds
Build info: version: &apos;2.53.1&apos;, revision: &apos;a36b8b1cd5757287168e54b817830adce9b0158d&apos;, time: &apos;2016-06-30 19:26:09&apos;
System info: host: &apos;LAPTOP-CJ1P4A3I&apos;, ip: &apos;192.168.25.138&apos;, os.name: &apos;Windows 10&apos;, os.arch: &apos;amd64&apos;, os.version: &apos;10.0&apos;, java.version: &apos;15.0.1&apos;
Driver info: io.appium.java_client.android.AndroidDriver
Capabilities [{appPackage=com.winit.starnews.hin, statBarHeight=135, noReset=true, viewportRect={top=135, left=0, width=1080, height=1842}, deviceName=emulator-5554, platform=LINUX, deviceUDID=emulator-5554, desired={appPackage=com.winit.starnews.hin, appActivity=.activities.ActivityChannelSelectionList, noReset=true, automationName=appium, platformName=Android}, platformVersion=9, webStorageEnabled=false, automationName=appium, takesScreenshot=true, javascriptEnabled=true, platformName=Android, deviceApiLevel=28, deviceManufacturer=Google, deviceScreenSize=1080x2280, networkConnectionEnabled=true, warnings={}, databaseEnabled=false, appActivity=.activities.ActivityChannelSelectionList, pixelRatio=2.75, locationContextEnabled=false, deviceScreenDensity=440, deviceModel=AOSP on IA Emulator}]
Session ID: 2709cdc2-0fbc-45d4-876d-1d60d48c3e56
	at org.openqa.selenium.remote.ErrorHandler.createThrowable(ErrorHandler.java:206)
	at org.openqa.selenium.remote.ErrorHandler.throwIfResponseFailed(ErrorHandler.java:158)
	at org.openqa.selenium.remote.RemoteWebDriver.execute(RemoteWebDriver.java:678)
	at io.appium.java_client.DefaultGenericMobileDriver.execute(DefaultGenericMobileDriver.java:40)
	at io.appium.java_client.AppiumDriver.execute(AppiumDriver.java:1)
	at io.appium.java_client.android.AndroidDriver.execute(AndroidDriver.java:1)
	at io.appium.java_client.AppiumDriver.performTouchAction(AppiumDriver.java:336)
	at io.appium.java_client.TouchAction.perform(TouchAction.java:323)
	at io.appium.java_client.AppiumDriver.doSwipe(AppiumDriver.java:383)
	at io.appium.java_client.android.AndroidDriver.swipe(AndroidDriver.java:186)
	at avpapplication123.TC_HOME_007.demo(TC_HOME_007.java:40)
	at java.base/java.util.ArrayList.forEach(ArrayList.java:1511)
... Removed 32 stack frames</pre></div><a href='#' onClick='toggleBox("stack-trace1318475957", this, "Click to show all stack frames", "Click to hide stack frames")'>Click to show all stack frames</a>
<div class='stack-trace' id='stack-trace1318475957'><pre>org.openqa.selenium.InvalidElementStateException: Swipe action cannot be performed (WARNING: The server did not provide any stacktrace information)
Command duration or timeout: 5.08 seconds
Build info: version: &apos;2.53.1&apos;, revision: &apos;a36b8b1cd5757287168e54b817830adce9b0158d&apos;, time: &apos;2016-06-30 19:26:09&apos;
System info: host: &apos;LAPTOP-CJ1P4A3I&apos;, ip: &apos;192.168.25.138&apos;, os.name: &apos;Windows 10&apos;, os.arch: &apos;amd64&apos;, os.version: &apos;10.0&apos;, java.version: &apos;15.0.1&apos;
Driver info: io.appium.java_client.android.AndroidDriver
Capabilities [{appPackage=com.winit.starnews.hin, statBarHeight=135, noReset=true, viewportRect={top=135, left=0, width=1080, height=1842}, deviceName=emulator-5554, platform=LINUX, deviceUDID=emulator-5554, desired={appPackage=com.winit.starnews.hin, appActivity=.activities.ActivityChannelSelectionList, noReset=true, automationName=appium, platformName=Android}, platformVersion=9, webStorageEnabled=false, automationName=appium, takesScreenshot=true, javascriptEnabled=true, platformName=Android, deviceApiLevel=28, deviceManufacturer=Google, deviceScreenSize=1080x2280, networkConnectionEnabled=true, warnings={}, databaseEnabled=false, appActivity=.activities.ActivityChannelSelectionList, pixelRatio=2.75, locationContextEnabled=false, deviceScreenDensity=440, deviceModel=AOSP on IA Emulator}]
Session ID: 2709cdc2-0fbc-45d4-876d-1d60d48c3e56
	at java.base/jdk.internal.reflect.NativeConstructorAccessorImpl.newInstance0(Native Method)
	at java.base/jdk.internal.reflect.NativeConstructorAccessorImpl.newInstance(NativeConstructorAccessorImpl.java:64)
	at java.base/jdk.internal.reflect.DelegatingConstructorAccessorImpl.newInstance(DelegatingConstructorAccessorImpl.java:45)
	at java.base/java.lang.reflect.Constructor.newInstanceWithCaller(Constructor.java:500)
	at java.base/java.lang.reflect.Constructor.newInstance(Constructor.java:481)
	at org.openqa.selenium.remote.ErrorHandler.createThrowable(ErrorHandler.java:206)
	at org.openqa.selenium.remote.ErrorHandler.throwIfResponseFailed(ErrorHandler.java:158)
	at org.openqa.selenium.remote.RemoteWebDriver.execute(RemoteWebDriver.java:678)
	at io.appium.java_client.DefaultGenericMobileDriver.execute(DefaultGenericMobileDriver.java:40)
	at io.appium.java_client.AppiumDriver.execute(AppiumDriver.java:1)
	at io.appium.java_client.android.AndroidDriver.execute(AndroidDriver.java:1)
	at io.appium.java_client.AppiumDriver.performTouchAction(AppiumDriver.java:336)
	at io.appium.java_client.TouchAction.perform(TouchAction.java:323)
	at io.appium.java_client.AppiumDriver.doSwipe(AppiumDriver.java:383)
	at io.appium.java_client.android.AndroidDriver.swipe(AndroidDriver.java:186)
	at avpapplication123.TC_HOME_007.demo(TC_HOME_007.java:40)
	at java.base/jdk.internal.reflect.NativeMethodAccessorImpl.invoke0(Native Method)
	at java.base/jdk.internal.reflect.NativeMethodAccessorImpl.invoke(NativeMethodAccessorImpl.java:64)
	at java.base/jdk.internal.reflect.DelegatingMethodAccessorImpl.invoke(DelegatingMethodAccessorImpl.java:43)
	at java.base/java.lang.reflect.Method.invoke(Method.java:564)
	at org.testng.internal.MethodInvocationHelper.invokeMethod(MethodInvocationHelper.java:133)
	at org.testng.internal.TestInvoker.invokeMethod(TestInvoker.java:598)
	at org.testng.internal.TestInvoker.invokeTestMethod(TestInvoker.java:173)
	at org.testng.internal.MethodRunner.runInSequence(MethodRunner.java:46)
	at org.testng.internal.TestInvoker$MethodInvocationAgent.invoke(TestInvoker.java:824)
	at org.testng.internal.TestInvoker.invokeTestMethods(TestInvoker.java:146)
	at org.testng.internal.TestMethodWorker.invokeTestMethods(TestMethodWorker.java:146)
	at org.testng.internal.TestMethodWorker.run(TestMethodWorker.java:128)
	at java.base/java.util.ArrayList.forEach(ArrayList.java:1511)
	at org.testng.TestRunner.privateRun(TestRunner.java:794)
	at org.testng.TestRunner.run(TestRunner.java:596)
	at org.testng.SuiteRunner.runTest(SuiteRunner.java:377)
	at org.testng.SuiteRunner.runSequentially(SuiteRunner.java:371)
	at org.testng.SuiteRunner.privateRun(SuiteRunner.java:332)
	at org.testng.SuiteRunner.run(SuiteRunner.java:276)
	at org.testng.SuiteRunnerWorker.runSuite(SuiteRunnerWorker.java:53)
	at org.testng.SuiteRunnerWorker.run(SuiteRunnerWorker.java:96)
	at org.testng.TestNG.runSuitesSequentially(TestNG.java:1212)
	at org.testng.TestNG.runSuitesLocally(TestNG.java:1134)
	at org.testng.TestNG.runSuites(TestNG.java:1063)
	at org.testng.TestNG.run(TestNG.java:1031)
	at org.testng.remote.AbstractRemoteTestNG.run(AbstractRemoteTestNG.java:115)
	at org.testng.remote.RemoteTestNG.initAndRun(RemoteTestNG.java:251)
	at org.testng.remote.RemoteTestNG.main(RemoteTestNG.java:77)
</pre></div></td>
<td>61</td>
<td>avpapplication123.TC_HOME_007@273444fe</td></tr>
</table><p>
<table width='100%' border='1' class='invocation-passed'>
<tr><td colspan='4' align='center'><b>PASSED TESTS</b></td></tr>
<tr><td><b>Test method</b></td>
<td width="30%"><b>Exception</b></td>
<td width="10%"><b>Time (seconds)</b></td>
<td><b>Instance</b></td>
</tr>
<tr>
<td title='avpapplication123.TC_HOME_001.demo()'><b>demo</b><br>Test class: avpapplication123.TC_HOME_001</td>
<td></td>
<td>15</td>
<td>avpapplication123.TC_HOME_001@33bc72d1</td></tr>
<tr>
<td title='avpapplication123.TC_HOME_003.demo()'><b>demo</b><br>Test class: avpapplication123.TC_HOME_003</td>
<td></td>
<td>13</td>
<td>avpapplication123.TC_HOME_003@5524cca1</td></tr>
<tr>
<td title='avpapplication123.TC_HOME_0011.demo()'><b>demo</b><br>Test class: avpapplication123.TC_HOME_0011</td>
<td></td>
<td>46</td>
<td>avpapplication123.TC_HOME_0011@79e4c792</td></tr>
<tr>
<td title='avpapplication123.TC_HOME_012.demo()'><b>demo</b><br>Test class: avpapplication123.TC_HOME_012</td>
<td></td>
<td>39</td>
<td>avpapplication123.TC_HOME_012@1a75e76a</td></tr>
</table><p>
</body>
</html>